Build started 1/28/2015 11:56:52 AM.
     1>Project "C:\Users\quinn.mosher\Documents\GitHub\GlfW-practice2\GlfwPractice\GlfwPractice\GlfwPractice.vcxproj" on node 2 (Build target(s)).
     1>ClCompile:
         C:\Program Files (x86)\Microsoft Visual Studio 12.0\VC\bin\CL.exe /c /Zi /nologo /W3 /WX- /sdl /O2 /Oi /Oy- /GL /D _MBCS /Gm- /EHsc /MD /GS /Gy /fp:precise /Zc:wchar_t /Zc:forScope /Fo"Release\\" /Fd"Release\vc120.pdb" /Gd /TP /analyze- /errorReport:prompt sorce\Animation.cpp sorce\FrameworkInstance.cpp sorce\main.cpp sorce\QuinnFramework.cpp sorce\RenderObj.cpp sorce\Shape.cpp sorce\Texture.cpp
         Animation.cpp
     1>sorce\Animation.cpp(1): fatal error C1083: Cannot open include file: 'Animation.h': No such file or directory
         FrameworkInstance.cpp
     1>sorce\FrameworkInstance.cpp(1): fatal error C1083: Cannot open include file: 'FrameworkInstance.h': No such file or directory
         main.cpp
     1>sorce\main.cpp(1): fatal error C1083: Cannot open include file: 'QuinnFramework.h': No such file or directory
         QuinnFramework.cpp
     1>sorce\QuinnFramework.cpp(1): fatal error C1083: Cannot open include file: 'QuinnFramework.h': No such file or directory
         RenderObj.cpp
     1>sorce\RenderObj.cpp(1): fatal error C1083: Cannot open include file: 'RenderObj.h': No such file or directory
         Shape.cpp
     1>sorce\Shape.cpp(1): fatal error C1083: Cannot open include file: 'Shape.h': No such file or directory
         Texture.cpp
     1>sorce\Texture.cpp(1): fatal error C1083: Cannot open include file: 'Texture.h': No such file or directory
     1>Done Building Project "C:\Users\quinn.mosher\Documents\GitHub\GlfW-practice2\GlfwPractice\GlfwPractice\GlfwPractice.vcxproj" (Build target(s)) -- FAILED.

Build FAILED.

Time Elapsed 00:00:00.27
