c:\users\vicin_000\documents\github\glfw-practice2\glfwpractice\glfwpractice\debug\vc120.pdb
c:\users\vicin_000\documents\github\glfw-practice2\glfwpractice\glfwpractice\debug\vc120.idb
c:\users\vicin_000\documents\github\glfw-practice2\glfwpractice\glfwpractice\debug\bullet.obj
c:\users\vicin_000\documents\github\glfw-practice2\glfwpractice\glfwpractice\debug\enemy.obj
c:\users\vicin_000\documents\github\glfw-practice2\glfwpractice\glfwpractice\debug\entity.obj
c:\users\vicin_000\documents\github\glfw-practice2\glfwpractice\glfwpractice\debug\player.obj
c:\users\vicin_000\documents\github\glfw-practice2\glfwpractice\glfwpractice\debug\animation.obj
c:\users\vicin_000\documents\github\glfw-practice2\glfwpractice\glfwpractice\debug\frameworkinstance.obj
c:\users\vicin_000\documents\github\glfw-practice2\glfwpractice\glfwpractice\debug\main.obj
c:\users\vicin_000\documents\github\glfw-practice2\glfwpractice\glfwpractice\debug\quinnframework.obj
c:\users\vicin_000\documents\github\glfw-practice2\glfwpractice\glfwpractice\debug\renderobj.obj
c:\users\vicin_000\documents\github\glfw-practice2\glfwpractice\glfwpractice\debug\shape.obj
c:\users\vicin_000\documents\github\glfw-practice2\glfwpractice\glfwpractice\debug\texthandeler.obj
c:\users\vicin_000\documents\github\glfw-practice2\glfwpractice\glfwpractice\debug\texture.obj
c:\users\vicin_000\documents\github\glfw-practice2\glfwpractice\debug\glfwpractice.exe
c:\users\vicin_000\documents\github\glfw-practice2\glfwpractice\debug\glfwpractice.pdb
c:\users\vicin_000\documents\github\glfw-practice2\glfwpractice\glfwpractice\debug\nativecodeanalysis.read.1.tlog
c:\users\vicin_000\documents\github\glfw-practice2\glfwpractice\glfwpractice\debug\animation.nativecodeanalysis.xml
c:\users\vicin_000\documents\github\glfw-practice2\glfwpractice\glfwpractice\debug\bullet.nativecodeanalysis.xml
c:\users\vicin_000\documents\github\glfw-practice2\glfwpractice\glfwpractice\debug\enemy.nativecodeanalysis.xml
c:\users\vicin_000\documents\github\glfw-practice2\glfwpractice\glfwpractice\debug\entity.nativecodeanalysis.xml
c:\users\vicin_000\documents\github\glfw-practice2\glfwpractice\glfwpractice\debug\frameworkinstance.nativecodeanalysis.xml
c:\users\vicin_000\documents\github\glfw-practice2\glfwpractice\glfwpractice\debug\main.nativecodeanalysis.xml
c:\users\vicin_000\documents\github\glfw-practice2\glfwpractice\glfwpractice\debug\player.nativecodeanalysis.xml
c:\users\vicin_000\documents\github\glfw-practice2\glfwpractice\glfwpractice\debug\quinnframework.nativecodeanalysis.xml
c:\users\vicin_000\documents\github\glfw-practice2\glfwpractice\glfwpractice\debug\renderobj.nativecodeanalysis.xml
c:\users\vicin_000\documents\github\glfw-practice2\glfwpractice\glfwpractice\debug\shape.nativecodeanalysis.xml
c:\users\vicin_000\documents\github\glfw-practice2\glfwpractice\glfwpractice\debug\texthandeler.nativecodeanalysis.xml
c:\users\vicin_000\documents\github\glfw-practice2\glfwpractice\glfwpractice\debug\texture.nativecodeanalysis.xml
c:\users\vicin_000\documents\github\glfw-practice2\glfwpractice\glfwpractice\debug\vc.nativecodeanalysis.all.xml
c:\users\vicin_000\documents\github\glfw-practice2\glfwpractice\debug\glfwpractice.exe.lastcodeanalysissucceeded
c:\users\vicin_000\documents\github\glfw-practice2\glfwpractice\glfwpractice\debug\glfwpractice.tlog\cl.command.1.tlog
c:\users\vicin_000\documents\github\glfw-practice2\glfwpractice\glfwpractice\debug\glfwpractice.tlog\cl.read.1.tlog
c:\users\vicin_000\documents\github\glfw-practice2\glfwpractice\glfwpractice\debug\glfwpractice.tlog\cl.write.1.tlog
c:\users\vicin_000\documents\github\glfw-practice2\glfwpractice\glfwpractice\debug\glfwpractice.tlog\link.command.1.tlog
c:\users\vicin_000\documents\github\glfw-practice2\glfwpractice\glfwpractice\debug\glfwpractice.tlog\link.read.1.tlog
c:\users\vicin_000\documents\github\glfw-practice2\glfwpractice\glfwpractice\debug\glfwpractice.tlog\link.write.1.tlog
