Build started 2/10/2015 2:38:46 PM.
     1>Project "C:\Users\quinn.mosher\Documents\GitHub\GlfW-practice2\GlfwPractice\GlfwPractice\GlfwPractice.vcxproj" on node 2 (Rebuild target(s)).
     1>ClCompile:
         C:\Program Files (x86)\Microsoft Visual Studio 12.0\VC\bin\CL.exe /c /I"C:\Users\quinn.mosher\Documents\GitHub\GlfW-practice2\GlfwPractice\\glfw-3.0.4.bin.WIN32\include" /I"C:\Users\quinn.mosher\Documents\GitHub\GlfW-practice2\GlfwPractice\\glm" /I"C:\Users\quinn.mosher\Documents\GitHub\GlfW-practice2\GlfwPractice\\glew-1.11.0\include" /I"C:\Users\quinn.mosher\Documents\GitHub\GlfW-practice2\GlfwPractice\\tinyxml2\\" /I"C:\Users\quinn.mosher\Documents\GitHub\GlfW-practice2\GlfwPractice\\Simple OpenGL Image Library\src" /ZI /nologo /W3 /WX- /sdl /Od /Oy- /D CODE_ANALYSIS /D _MBCS /Gm /EHsc /RTC1 /MDd /GS /fp:precise /Zc:wchar_t /Zc:forScope /Fo"Debug\\" /Fd"Debug\vc120.pdb" /Gd /TP /analyze /analyze:plugin"C:\Program Files (x86)\Microsoft Visual Studio 12.0\VC\\bin\localespc.dll" /errorReport:prompt   /analyze:quiet ProgramSource\Bullet.cpp ProgramSource\Enemy.cpp ProgramSource\Entity.cpp ProgramSource\Player.cpp sorce\Animation.cpp sorce\FrameworkInstance.cpp ProgramSource\main.cpp sorce\QuinnFramework.cpp sorce\RenderObj.cpp sorce\Shape.cpp sorce\TextHandeler.cpp sorce\Texture.cpp
         Texture.cpp
         TextHandeler.cpp
         Shape.cpp
         RenderObj.cpp
     1>c:\users\quinn.mosher\documents\github\glfw-practice2\glfwpractice\glfwpractice\sorce\renderobj.cpp(9): warning C4244: 'argument' : conversion from 'float' to 'int', possible loss of data
     1>c:\users\quinn.mosher\documents\github\glfw-practice2\glfwpractice\glfwpractice\sorce\renderobj.cpp(159): warning C4244: '=' : conversion from 'double' to 'float', possible loss of data
     1>c:\users\quinn.mosher\documents\github\glfw-practice2\glfwpractice\glfwpractice\sorce\renderobj.cpp(161): warning C4244: '=' : conversion from 'double' to 'float', possible loss of data
     1>c:\users\quinn.mosher\documents\github\glfw-practice2\glfwpractice\glfwpractice\sorce\renderobj.cpp(163): warning C4244: '=' : conversion from 'double' to 'float', possible loss of data
         QuinnFramework.cpp
     1>c:\users\quinn.mosher\documents\github\glfw-practice2\glfwpractice\glfwpractice\sorce\quinnframework.cpp(108): warning C4244: 'return' : conversion from 'double' to 'float', possible loss of data
     1>c:\users\quinn.mosher\documents\github\glfw-practice2\glfwpractice\glfwpractice\sorce\quinnframework.cpp(115): warning C4244: 'return' : conversion from 'double' to 'float', possible loss of data
     1>c:\users\quinn.mosher\documents\github\glfw-practice2\glfwpractice\glfwpractice\sorce\quinnframework.cpp(122): warning C4244: '=' : conversion from 'double' to 'float', possible loss of data
     1>c:\users\quinn.mosher\documents\github\glfw-practice2\glfwpractice\glfwpractice\sorce\quinnframework.cpp(123): warning C4244: '=' : conversion from 'double' to 'float', possible loss of data
         main.cpp
     1>c:\users\quinn.mosher\documents\github\glfw-practice2\glfwpractice\glfwpractice\programsource\main.cpp(14): warning C4244: 'argument' : conversion from 'time_t' to 'unsigned int', possible loss of data
     1>c:\users\quinn.mosher\documents\github\glfw-practice2\glfwpractice\glfwpractice\programsource\main.cpp(18): warning C4244: 'initializing' : conversion from 'float' to 'int', possible loss of data
     1>c:\users\quinn.mosher\documents\github\glfw-practice2\glfwpractice\glfwpractice\programsource\main.cpp(27): warning C4244: 'initializing' : conversion from 'double' to 'float', possible loss of data
     1>c:\users\quinn.mosher\documents\github\glfw-practice2\glfwpractice\glfwpractice\programsource\main.cpp(39): warning C4244: '=' : conversion from 'double' to 'float', possible loss of data
         FrameworkInstance.cpp
         Animation.cpp
         Player.cpp
         Entity.cpp
         Enemy.cpp
     1>c:\users\quinn.mosher\documents\github\glfw-practice2\glfwpractice\glfwpractice\programsource\enemy.cpp(10): warning C4244: 'argument' : conversion from 'time_t' to 'unsigned int', possible loss of data
     1>c:\users\quinn.mosher\documents\github\glfw-practice2\glfwpractice\glfwpractice\programsource\enemy.cpp(21): warning C4244: '=' : conversion from 'int' to 'float', possible loss of data
         Bullet.cpp
         Running Code Analysis for C/C++...
         Generating Code...
     1>c:\users\quinn.mosher\documents\github\glfw-practice2\glfwpractice\glfwpractice\sorce\texture.cpp(50): warning C4715: 'Texture::loadTexture' : not all control paths return a value
       Link:
         C:\Program Files (x86)\Microsoft Visual Studio 12.0\VC\bin\link.exe /ERRORREPORT:PROMPT /OUT:"C:\Users\quinn.mosher\Documents\GitHub\GlfW-practice2\GlfwPractice\Debug\GlfwPractice.exe" /INCREMENTAL /NOLOGO /LIBPATH:"C:\Users\quinn.mosher\Documents\GitHub\GlfW-practice2\GlfwPractice\\glfw-3.0.4.bin.WIN32\lib-msvc120" /LIBPATH:"C:\Users\quinn.mosher\Documents\GitHub\GlfW-practice2\GlfwPractice\\glew-1.11.0\lib\Release\Win32" /LIBPATH:"C:\Users\quinn.mosher\Documents\GitHub\GlfW-practice2\GlfwPractice\\tinyxml2\tinyxml2\bin\Win32-Debug-Lib" /LIBPATH:"C:\Users\quinn.mosher\Documents\GitHub\GlfW-practice2\GlfwPractice\\Simple OpenGL Image Library\projects\VC9\Release" glfw3.lib opengl32.lib glew32.lib SOIL.lib tinyxml2.lib kernel32.lib user32.lib gdi32.lib winspool.lib comdlg32.lib advapi32.lib shell32.lib ole32.lib oleaut32.lib uuid.lib odbc32.lib odbccp32.lib /MANIFEST /MANIFESTUAC:"level='asInvoker' uiAccess='false'" /manifest:embed /DEBUG /PDB:"C:\Users\quinn.mosher\Documents\GitHub\GlfW-practice2\GlfwPractice\Debug\GlfwPractice.pdb" /TLBID:1 /DYNAMICBASE /NXCOMPAT /IMPLIB:"C:\Users\quinn.mosher\Documents\GitHub\GlfW-practice2\GlfwPractice\Debug\GlfwPractice.lib" /MACHINE:X86 Debug\Bullet.obj
         Debug\Enemy.obj
         Debug\Entity.obj
         Debug\Player.obj
         Debug\Animation.obj
         Debug\FrameworkInstance.obj
         Debug\main.obj
         Debug\QuinnFramework.obj
         Debug\RenderObj.obj
         Debug\Shape.obj
         Debug\TextHandeler.obj
         Debug\Texture.obj
         SOIL.lib(SOIL.obj) : MSIL .netmodule or module compiled with /GL found; restarting link with /LTCG; add /LTCG to the link command line to improve linker performance
     1>LINK : warning LNK4075: ignoring '/INCREMENTAL' due to '/LTCG' specification
     1>Bullet.obj : warning LNK4075: ignoring '/EDITANDCONTINUE' due to '/OPT:LBR' specification
     1>LINK : warning LNK4098: defaultlib 'MSVCRT' conflicts with use of other libs; use /NODEFAULTLIB:library
         Generating code
         Finished generating code
         GlfwPractice.vcxproj -> C:\Users\quinn.mosher\Documents\GitHub\GlfW-practice2\GlfwPractice\Debug\GlfwPractice.exe
     1>c:\users\quinn.mosher\documents\github\glfw-practice2\glfwpractice\glfwpractice\sorce\renderobj.cpp(165): warning C6386: Buffer overrun while writing to 'toReturn':  the writable size is '12*4' bytes, but '52' bytes might be written.
     1>Done Building Project "C:\Users\quinn.mosher\Documents\GitHub\GlfW-practice2\GlfwPractice\GlfwPractice\GlfwPractice.vcxproj" (Rebuild target(s)).

Build succeeded.

Time Elapsed 00:01:09.86
